app/build/intermediates/manifest_merge_blame_file/debug/manifest-merger-blame-debug-report.txt
1<?xml version="1.0" encoding="utf-8"?>
2<manifest xmlns:android="http://schemas.android.com/apk/res/android"
3    package="com.patristar"
4    android:versionCode="1"
5    android:versionName="1.0" >
6
7    <uses-sdk
8        android:minSdkVersion="25"
8-->src\main\AndroidManifest.xml
9        android:targetSdkVersion="29" />
9-->src\main\AndroidManifest.xml
10
11    <application
11-->src\main\AndroidManifest.xml:8:5-29:19
12        android:debuggable="true"
13        android:extractNativeLibs="false"
14        android:icon="@drawable/icon"
14-->src\main\AndroidManifest.xml:8:18-47
15        android:label="@string/app_name"
15-->src\main\AndroidManifest.xml:8:48-80
16        android:testOnly="true" >
17        <activity
17-->src\main\AndroidManifest.xml:9:9-16:20
18            android:name="com.patristar.TabExerciseActivity"
18-->src\main\AndroidManifest.xml:10:13-48
19            android:label="______" >
19-->src\main\AndroidManifest.xml:11:13-35
20            <intent-filter>
20-->src\main\AndroidManifest.xml:12:13-15:29
21                <action android:name="android.intent.action.MAIN" />
21-->src\main\AndroidManifest.xml:13:17-69
21-->src\main\AndroidManifest.xml:13:25-66
22
23                <category android:name="android.intent.category.LAUNCHER" />
23-->src\main\AndroidManifest.xml:14:17-77
23-->src\main\AndroidManifest.xml:14:27-74
24            </intent-filter>
25        </activity>
26        <activity
26-->src\main\AndroidManifest.xml:17:9-24:20
27            android:name="com.patristar.TabInit"
27-->src\main\AndroidManifest.xml:18:13-35
28            android:label="tab lab" >
28-->src\main\AndroidManifest.xml:19:13-36
29            <intent-filter>
29-->src\main\AndroidManifest.xml:12:13-15:29
30                <action android:name="android.intent.action.MAIN" />
30-->src\main\AndroidManifest.xml:13:17-69
30-->src\main\AndroidManifest.xml:13:25-66
31
32                <category android:name="android.intent.category.LAUNCHER" />
32-->src\main\AndroidManifest.xml:14:17-77
32-->src\main\AndroidManifest.xml:14:27-74
33            </intent-filter>
34        </activity>
35        <activity android:name="com.patristar.Activity1" />
35-->src\main\AndroidManifest.xml:25:9-55
35-->src\main\AndroidManifest.xml:25:19-43
36        <activity android:name="com.patristar.Activity2" />
36-->src\main\AndroidManifest.xml:26:9-55
36-->src\main\AndroidManifest.xml:26:19-43
37        <activity android:name="com.patristar.Activity3" />
37-->src\main\AndroidManifest.xml:27:9-55
37-->src\main\AndroidManifest.xml:27:19-43
38        <activity android:name="com.patristar.Activity4" />
38-->src\main\AndroidManifest.xml:28:9-46
38-->src\main\AndroidManifest.xml:28:19-44
39    </application>
40
41</manifest>